===================================
UNIT TEST FILE FOR 3-say_my_name.py
===================================

>>> say_name = __import__('3-say_my_name').say_my_name
>>> say_name("med", "hicham")
My name is med hicham

>>> say_name("iman")
My name is iman 

>>> say_name("")
My name is  

>>> say_name(42)
Traceback (most recent call last):
	...
TypeError: first_name must be a string

>>> say_name("med", 42)
Traceback (most recent call last):
	...
TypeError: last_name must be a string

>>> say_name()
Traceback (most recent call last):
	...
TypeError: say_my_name() missing 1 required positional argument: 'first_name'
 
